<?xml version="1.0" encoding="UTF-8"?>
<coverage generated="1546252837960" clover="3.2.0">
  <project timestamp="1546252837960" name="All files">
    <metrics statements="22" coveredstatements="17" conditionals="4" coveredconditionals="0" methods="8" coveredmethods="4" elements="34" coveredelements="21" complexity="0" loc="22" ncloc="22" packages="1" files="3" classes="3">
      <file name="index.js" path="/Users/zhaohui.dai/work/react-native-demo/src/components/login/index.js">
        <metrics statements="2" coveredstatements="2" conditionals="0" coveredconditionals="0" methods="0" coveredmethods="0"/>
        <line num="1" count="1" type="stmt"/>
        <line num="3" count="1" type="stmt"/>
      </file>
      <file name="login.js" path="/Users/zhaohui.dai/work/react-native-demo/src/components/login/login.js">
        <metrics statements="17" coveredstatements="12" conditionals="4" coveredconditionals="0" methods="8" coveredmethods="4"/>
        <line num="1" count="1" type="stmt"/>
        <line num="5" count="1" type="stmt"/>
        <line num="6" count="1" type="stmt"/>
        <line num="7" count="1" type="stmt"/>
        <line num="14" count="1" type="stmt"/>
        <line num="15" count="1" type="stmt"/>
        <line num="16" count="1" type="stmt"/>
        <line num="24" count="2" type="stmt"/>
        <line num="25" count="0" type="stmt"/>
        <line num="29" count="1" type="stmt"/>
        <line num="32" count="0" type="cond" truecount="0" falsecount="4"/>
        <line num="33" count="0" type="stmt"/>
        <line num="36" count="0" type="stmt"/>
        <line num="44" count="0" type="stmt"/>
        <line num="46" count="1" type="stmt"/>
        <line num="49" count="1" type="stmt"/>
        <line num="82" count="1" type="stmt"/>
      </file>
      <file name="style.js" path="/Users/zhaohui.dai/work/react-native-demo/src/components/login/style.js">
        <metrics statements="3" coveredstatements="3" conditionals="0" coveredconditionals="0" methods="0" coveredmethods="0"/>
        <line num="1" count="1" type="stmt"/>
        <line num="5" count="1" type="stmt"/>
        <line num="30" count="1" type="stmt"/>
      </file>
    </metrics>
  </project>
</coverage>
