{"/Users/zhaohui.dai/work/react-native-demo/src/components/login/index.js": {"path":"/Users/zhaohui.dai/work/react-native-demo/src/components/login/index.js","statementMap":{"0":{"start":{"line":1,"column":42},"end":{"line":1,"column":97}},"1":{"start":{"line":1,"column":98},"end":{"line":1,"column":160}},"2":{"start":{"line":1,"column":160},"end":{"line":1,"column":185}},"3":{"start":{"line":1,"column":198},"end":{"line":1,"column":240}},"4":{"start":{"line":3,"column":0},"end":{"line":3,"column":14}},"5":{"start":{"line":3,"column":15},"end":{"line":3,"column":42}}},"fnMap":{},"branchMap":{},"s":{"0":1,"1":1,"2":1,"3":1,"4":1,"5":1},"f":{},"b":{},"_coverageSchema":"332fd63041d2c1bcb487cc26dd0d5f7d97098a6c","hash":"1acfdfd4dc84ce11c80ef6b13c9c9669af31ed03"}
,"/Users/zhaohui.dai/work/react-native-demo/src/components/login/login.js": {"path":"/Users/zhaohui.dai/work/react-native-demo/src/components/login/login.js","statementMap":{"0":{"start":{"line":1,"column":42},"end":{"line":1,"column":97}},"1":{"start":{"line":1,"column":128},"end":{"line":1,"column":184}},"2":{"start":{"line":1,"column":185},"end":{"line":1,"column":247}},"3":{"start":{"line":1,"column":247},"end":{"line":1,"column":272}},"4":{"start":{"line":1,"column":295},"end":{"line":1,"column":367}},"5":{"start":{"line":1,"column":391},"end":{"line":1,"column":463}},"6":{"start":{"line":1,"column":484},"end":{"line":1,"column":553}},"7":{"start":{"line":1,"column":588},"end":{"line":1,"column":671}},"8":{"start":{"line":1,"column":695},"end":{"line":1,"column":767}},"9":{"start":{"line":1,"column":785},"end":{"line":1,"column":851}},"10":{"start":{"line":5,"column":13},"end":{"line":5,"column":54}},"11":{"start":{"line":6,"column":19},"end":{"line":6,"column":42}},"12":{"start":{"line":7,"column":13},"end":{"line":7,"column":55}},"13":{"start":{"line":7,"column":75},"end":{"line":7,"column":148}},"14":{"start":{"line":14,"column":8},"end":{"line":82,"column":42}},"15":{"start":{"line":14,"column":31},"end":{"line":14,"column":74}},"16":{"start":{"line":15,"column":35},"end":{"line":15,"column":78}},"17":{"start":{"line":16,"column":4},"end":{"line":16,"column":115}},"18":{"start":{"line":16,"column":115},"end":{"line":29,"column":6}},"19":{"start":{"line":24,"column":6},"end":{"line":28,"column":8}},"20":{"start":{"line":25,"column":8},"end":{"line":26,"column":21}},"21":{"start":{"line":29,"column":6},"end":{"line":46,"column":6}},"22":{"start":{"line":32,"column":6},"end":{"line":45,"column":7}},"23":{"start":{"line":33,"column":8},"end":{"line":41,"column":31}},"24":{"start":{"line":36,"column":44},"end":{"line":38,"column":45}},"25":{"start":{"line":44,"column":8},"end":{"line":44,"column":15}},"26":{"start":{"line":46,"column":6},"end":{"line":46,"column":51}},"27":{"start":{"line":46,"column":51},"end":{"line":46,"column":64}},"28":{"start":{"line":46,"column":65},"end":{"line":82,"column":10}},"29":{"start":{"line":49,"column":6},"end":{"line":77,"column":95}},"30":{"start":{"line":82,"column":10},"end":{"line":82,"column":23}},"31":{"start":{"line":82,"column":43},"end":{"line":82,"column":67}}},"fnMap":{"0":{"name":"(anonymous_0)","decl":{"start":{"line":14,"column":8},"end":{"line":14,"column":9}},"loc":{"start":{"line":14,"column":30},"end":{"line":82,"column":24}},"line":14},"1":{"name":"Login","decl":{"start":{"line":15,"column":11},"end":{"line":15,"column":16}},"loc":{"start":{"line":15,"column":24},"end":{"line":46,"column":65}},"line":15},"2":{"name":"(anonymous_2)","decl":{"start":{"line":23,"column":24},"end":{"line":23,"column":25}},"loc":{"start":{"line":23,"column":40},"end":{"line":29,"column":5}},"line":23},"3":{"name":"(anonymous_3)","decl":{"start":{"line":24,"column":13},"end":{"line":24,"column":14}},"loc":{"start":{"line":24,"column":29},"end":{"line":28,"column":7}},"line":24},"4":{"name":"(anonymous_4)","decl":{"start":{"line":31,"column":17},"end":{"line":31,"column":18}},"loc":{"start":{"line":31,"column":29},"end":{"line":46,"column":5}},"line":31},"5":{"name":"(anonymous_5)","decl":{"start":{"line":36,"column":19},"end":{"line":36,"column":20}},"loc":{"start":{"line":36,"column":43},"end":{"line":38,"column":46}},"line":36},"6":{"name":"onPress","decl":{"start":{"line":38,"column":30},"end":{"line":38,"column":37}},"loc":{"start":{"line":38,"column":40},"end":{"line":38,"column":42}},"line":38},"7":{"name":"render","decl":{"start":{"line":46,"column":133},"end":{"line":46,"column":139}},"loc":{"start":{"line":48,"column":4},"end":{"line":82,"column":5}},"line":48}},"branchMap":{"0":{"loc":{"start":{"line":32,"column":6},"end":{"line":45,"column":7}},"type":"if","locations":[{"start":{"line":32,"column":6},"end":{"line":45,"column":7}},{"start":{"line":32,"column":6},"end":{"line":45,"column":7}}],"line":32},"1":{"loc":{"start":{"line":32,"column":10},"end":{"line":32,"column":56}},"type":"binary-expr","locations":[{"start":{"line":32,"column":10},"end":{"line":32,"column":31}},{"start":{"line":32,"column":35},"end":{"line":32,"column":56}}],"line":32}},"s":{"0":1,"1":1,"2":1,"3":1,"4":1,"5":1,"6":1,"7":1,"8":1,"9":1,"10":1,"11":1,"12":1,"13":1,"14":1,"15":1,"16":1,"17":1,"18":1,"19":2,"20":0,"21":1,"22":0,"23":0,"24":0,"25":0,"26":1,"27":1,"28":1,"29":1,"30":1,"31":1},"f":{"0":1,"1":1,"2":2,"3":0,"4":0,"5":0,"6":0,"7":1},"b":{"0":[0,0],"1":[0,0]},"_coverageSchema":"332fd63041d2c1bcb487cc26dd0d5f7d97098a6c","hash":"ee35fb28f23779d176f80b5c783eab4eb3f05725"}
,"/Users/zhaohui.dai/work/react-native-demo/src/components/login/style.js": {"path":"/Users/zhaohui.dai/work/react-native-demo/src/components/login/style.js","statementMap":{"0":{"start":{"line":1,"column":13},"end":{"line":1,"column":75}},"1":{"start":{"line":1,"column":75},"end":{"line":1,"column":100}},"2":{"start":{"line":1,"column":119},"end":{"line":1,"column":142}},"3":{"start":{"line":5,"column":13},"end":{"line":26,"column":24}},"4":{"start":{"line":30,"column":0},"end":{"line":30,"column":6}},"5":{"start":{"line":30,"column":7},"end":{"line":30,"column":34}}},"fnMap":{},"branchMap":{},"s":{"0":1,"1":1,"2":1,"3":1,"4":1,"5":1},"f":{},"b":{},"_coverageSchema":"332fd63041d2c1bcb487cc26dd0d5f7d97098a6c","hash":"c5c1e547f93e25d2434ec15e15eb9c4a75690e49"}
}
