TN:
SF:/Users/zhaohui.dai/work/react-native-demo/src/components/login/index.js
FNF:0
FNH:0
DA:1,1
DA:3,1
LF:2
LH:2
BRF:0
BRH:0
end_of_record
TN:
SF:/Users/zhaohui.dai/work/react-native-demo/src/components/login/login.js
FN:14,(anonymous_0)
FN:15,Login
FN:23,(anonymous_2)
FN:24,(anonymous_3)
FN:31,(anonymous_4)
FN:36,(anonymous_5)
FN:38,onPress
FN:46,render
FNF:8
FNH:4
FNDA:1,(anonymous_0)
FNDA:1,Login
FNDA:2,(anonymous_2)
FNDA:0,(anonymous_3)
FNDA:0,(anonymous_4)
FNDA:0,(anonymous_5)
FNDA:0,onPress
FNDA:1,render
DA:1,1
DA:5,1
DA:6,1
DA:7,1
DA:14,1
DA:15,1
DA:16,1
DA:24,2
DA:25,0
DA:29,1
DA:32,0
DA:33,0
DA:36,0
DA:44,0
DA:46,1
DA:49,1
DA:82,1
LF:17
LH:12
BRDA:32,0,0,0
BRDA:32,0,1,0
BRDA:32,1,0,0
BRDA:32,1,1,0
BRF:4
BRH:0
end_of_record
TN:
SF:/Users/zhaohui.dai/work/react-native-demo/src/components/login/style.js
FNF:0
FNH:0
DA:1,1
DA:5,1
DA:30,1
LF:3
LH:3
BRF:0
BRH:0
end_of_record
